<?xml version="1.0" encoding="UTF-8"?>
<!-- Generated by org.testng.reporters.JUnitReportReporter -->
<testsuite hostname="ENIC-LDUERO" failures="0" tests="7" name="AutomationTesting.BillingTestSuite16th" time="37.310" errors="0" timestamp="2025-01-07T17:01:23 GMT+08:00" skipped="0">
  <testcase classname="AutomationTesting.BillingTestSuite16th" name="LI01" time="0.899"/>
  <system-out>
    <![CDATA[Start of Login Validation...)
Start of Test ID (LI01)
Navigating to URL...
All Elements are loaded!
Test ID (LI01) Passed ]]>
  </system-out>
  <testcase classname="AutomationTesting.BillingTestSuite16th" name="LI02" time="0.681"/>
  <system-out>
    <![CDATA[Start of Test ID (LI02)
Inputting Valid Credential
Test ID (LI02) Passed 
End of Login Validation!]]>
  </system-out>
  <testcase classname="AutomationTesting.BillingTestSuite16th" name="BIL01" time="20.919"/>
  <system-out>
    <![CDATA[Start of Billing Module Validation...
Navigate to Billing Module...
Kebab Icon successfully clicked
Navigating to Hospital...
Start of Test ID (BIL01)
Test ID (BIL01) Passed 
Billing Period is Valid which is: Dec 01, 2024 - Dec 15, 2024]]>
  </system-out>
  <testcase classname="AutomationTesting.BillingTestSuite16th" name="BIL02" time="0.019"/>
  <system-out>
    <![CDATA[Start of Test ID (BIL02)
Test ID (BIL02) Passed 
Billing Date is Valid which is: Dec 16, 2024]]>
  </system-out>
  <testcase classname="AutomationTesting.BillingTestSuite16th" name="BIL03" time="0.053"/>
  <system-out>
    <![CDATA[Start of Test ID (BIL03)
Total Amouns is: Php 1,250.00
Test ID (BIL03) Passed ]]>
  </system-out>
  <testcase classname="AutomationTesting.BillingTestSuite16th" name="BIL04" time="0.038"/>
  <system-out>
    <![CDATA[Start of Test ID (BIL04)
Test ID (BIL04) Passed 
Soa Date is Valid which is: Dec 16, 2024
End of Billing Module]]>
  </system-out>
  <testcase classname="AutomationTesting.BillingTestSuite16th" name="COL01" time="14.701"/>
  <system-out>
    <![CDATA[Start of Collection Module Validation...
Navigate to Collection Module...]]>
  </system-out>
</testsuite> <!-- AutomationTesting.BillingTestSuite16th -->
