<?xml version="1.0" encoding="UTF-8"?>
<!-- Generated by org.testng.reporters.JUnitReportReporter -->
<testsuite hostname="ENIC-LDUERO" failures="0" tests="14" name="AutomationTesting.BillingTestSuite30th31st" time="112.716" errors="0" timestamp="2025-01-20T16:55:39 GMT+08:00" skipped="0">
  <testcase classname="AutomationTesting.BillingTestSuite30th31st" name="LI01" time="1.877"/>
  <system-out>
    <![CDATA[Start of Login Validation...)
Start of Test ID (LI01)
Navigating to URL...
All Elements are loaded!
Test ID (LI01) Passed ]]>
  </system-out>
  <testcase classname="AutomationTesting.BillingTestSuite30th31st" name="LI02" time="1.413"/>
  <system-out>
    <![CDATA[Start of Test ID (LI02)
Inputting Valid Credential
Test ID (LI02) Passed 
End of Login Validation!]]>
  </system-out>
  <testcase classname="AutomationTesting.BillingTestSuite30th31st" name="BIL01" time="24.977"/>
  <system-out>
    <![CDATA[Start of Billing Module Validation...
Navigate to Billing Module...
Kebab Icon successfully clicked
Navigating to Hospital...
Start of Test ID (BIL01)
Test ID (BIL01) Passed 
Billing Period is Valid which is: Jan 01, 2025 - Jan 15, 2025]]>
  </system-out>
  <testcase classname="AutomationTesting.BillingTestSuite30th31st" name="BIL02" time="0.033"/>
  <system-out>
    <![CDATA[Start of Test ID (BIL02)
Test ID (BIL02) Passed 
Billing Date is Valid which is: Jan 16, 2025]]>
  </system-out>
  <testcase classname="AutomationTesting.BillingTestSuite30th31st" name="BIL03" time="0.090"/>
  <system-out>
    <![CDATA[Start of Test ID (BIL03)
Total Amount is: Php 150.00
Test ID (BIL03) Passed ]]>
  </system-out>
  <testcase classname="AutomationTesting.BillingTestSuite30th31st" name="BIL04" time="0.036"/>
  <system-out>
    <![CDATA[Start of Test ID (BIL04)
Test ID (BIL04) Passed 
Soa Date is Valid which is: Jan 16, 2025
End of Billing Module Validation]]>
  </system-out>
  <testcase classname="AutomationTesting.BillingTestSuite30th31st" name="COL01" time="43.466"/>
  <system-out>
    <![CDATA[Start of Test ID (COL01)
Start of Collection Module Validation...
Navigate to Collection Module...
'Unlock' button found. Clicking to unlock...
'Details' button found. Clicking to proceed...
Successfully clicked 'Details' button. Proceeding to the new tab...
Test ID (COL01) Passed 
Billing Period is Valid which is: Jan 01, 2025 - Jan 15, 2025
Total Claims is Valid which is: 15
Total Amount is Valid which is: PHP 150.00]]>
  </system-out>
  <testcase classname="AutomationTesting.BillingTestSuite30th31st" name="COL02" time="10.208"/>
  <system-out>
    <![CDATA[Start of Test ID (COL02)
Test ID (COL02) Passed 
Billing Period is Valid which is: JAN 01, 2025 - JAN 15, 2025]]>
  </system-out>
  <testcase classname="AutomationTesting.BillingTestSuite30th31st" name="COL03" time="3.075"/>
  <system-out>
    <![CDATA[Start of Test ID (COL03)
Test ID (COL03) Passed 
Current Balance is correct which is: Php 150.00
End of Collection Module Validation]]>
  </system-out>
  <testcase classname="AutomationTesting.BillingTestSuite30th31st" name="AR01" time="9.801"/>
  <system-out>
    <![CDATA[Start of Test ID (AR01)
Navigating to Account Receivable Module...
Start of Account Receivable Module Validation...
Test ID (AR01) Passed 
Statement Date is correct which is: Jan 16, 2025]]>
  </system-out>
  <testcase classname="AutomationTesting.BillingTestSuite30th31st" name="AR02" time="0.020"/>
  <system-out>
    <![CDATA[Start of Test ID (AR02)
Test ID (AR02) Passed 
Billing Period is correct which is: Jan 01, 2025 - Jan 15, 2025]]>
  </system-out>
  <testcase classname="AutomationTesting.BillingTestSuite30th31st" name="AR03" time="0.018"/>
  <system-out>
    <![CDATA[Start of Test ID (AR03)
Test ID (AR03) Passed 
Total Amount in Billing : Php 150.00
Total Amount in Account Receivable: Php 150.00
End of Account Receivable Validation Php 150.00]]>
  </system-out>
  <testcase classname="AutomationTesting.BillingTestSuite30th31st" name="BS01" time="17.583"/>
  <system-out>
    <![CDATA[Start of Test ID (BS01)
Navigating to Billing Statement Module...
Start of Billing Statement Validation...
Test ID (BS01) Passed 
Date Issued: Dec 31, 2024]]>
  </system-out>
  <testcase classname="AutomationTesting.BillingTestSuite30th31st" name="BS02" time="0.119"/>
  <system-out>
    <![CDATA[Start of Test ID (BS02)]]>
  </system-out>
</testsuite> <!-- AutomationTesting.BillingTestSuite30th31st -->
