<?xml version="1.0" encoding="UTF-8"?>
<!-- Generated by org.testng.reporters.JUnitReportReporter -->
<testsuite hostname="ENIC-LDUERO" failures="0" tests="27" name="AutomationTesting.BillingTestSuite16th" time="123.507" errors="0" timestamp="2025-01-16T17:43:19 GMT+08:00" skipped="0">
  <testcase classname="AutomationTesting.BillingTestSuite16th" name="LI01" time="1.152"/>
  <system-out>
    <![CDATA[Start of Login Validation...)
Start of Test ID (LI01)
Navigating to URL...
All Elements are loaded!
Test ID (LI01) Passed ]]>
  </system-out>
  <testcase classname="AutomationTesting.BillingTestSuite16th" name="LI02" time="1.304"/>
  <system-out>
    <![CDATA[Start of Test ID (LI02)
Inputting Valid Credential
Test ID (LI02) Passed 
End of Login Validation!]]>
  </system-out>
  <testcase classname="AutomationTesting.BillingTestSuite16th" name="BIL01" time="24.936"/>
  <system-out>
    <![CDATA[Start of Billing Module Validation...
Navigate to Billing Module...
Kebab Icon successfully clicked
Navigating to Hospital...
Start of Test ID (BIL01)
Test ID (BIL01) Passed 
Billing Period is Valid which is: Jan 01, 2025 - Jan 15, 2025]]>
  </system-out>
  <testcase classname="AutomationTesting.BillingTestSuite16th" name="BIL02" time="0.020"/>
  <system-out>
    <![CDATA[Start of Test ID (BIL02)
Test ID (BIL02) Passed 
Billing Date is Valid which is: Jan 16, 2025]]>
  </system-out>
  <testcase classname="AutomationTesting.BillingTestSuite16th" name="BIL03" time="0.072"/>
  <system-out>
    <![CDATA[Start of Test ID (BIL03)
Total Amount is: Php 150.00
Test ID (BIL03) Passed ]]>
  </system-out>
  <testcase classname="AutomationTesting.BillingTestSuite16th" name="BIL04" time="0.036"/>
  <system-out>
    <![CDATA[Start of Test ID (BIL04)
Test ID (BIL04) Passed 
Soa Date is Valid which is: Jan 16, 2025
End of Billing Module Validation]]>
  </system-out>
  <testcase classname="AutomationTesting.BillingTestSuite16th" name="COL01" time="43.171"/>
  <system-out>
    <![CDATA[Start of Test ID (COL01)
Start of Collection Module Validation...
Navigate to Collection Module...
'Unlock' button found. Clicking to unlock...
'Details' button found. Clicking to proceed...
Successfully clicked 'Details' button. Proceeding to the new tab...
Test ID (COL01) Passed 
Billing Period is Valid which is: Jan 01, 2025 - Jan 15, 2025
Total Claims is Valid which is: 15
Total Amount is Valid which is: PHP 150.00]]>
  </system-out>
  <testcase classname="AutomationTesting.BillingTestSuite16th" name="COL02" time="10.119"/>
  <system-out>
    <![CDATA[Start of Test ID (COL02)
Test ID (COL02) Passed 
Billing Period is Valid which is: JAN 01, 2025 - JAN 15, 2025]]>
  </system-out>
  <testcase classname="AutomationTesting.BillingTestSuite16th" name="COL03" time="3.068"/>
  <system-out>
    <![CDATA[Start of Test ID (COL03)
Test ID (COL03) Passed 
Current Balance is correct which is: Php 150.00
End of Collection Module Validation]]>
  </system-out>
  <testcase classname="AutomationTesting.BillingTestSuite16th" name="AR01" time="9.765"/>
  <system-out>
    <![CDATA[Start of Test ID (AR01)
Navigating to Account Receivable Module...
Start of Account Receivable Module Validation...
Test ID (AR01) Passed 
Statement Date is correct which is: Jan 16, 2025]]>
  </system-out>
  <testcase classname="AutomationTesting.BillingTestSuite16th" name="AR03" time="0.016"/>
  <system-out>
    <![CDATA[Start of Test ID (AR03)
Test ID (AR03) Passed 
Total Amount in Billing : Php 150.00
Total Amount in Account Receivable: Php 150.00
End of Account Receivable Validation Php 150.00]]>
  </system-out>
  <testcase classname="AutomationTesting.BillingTestSuite16th" name="AR02" time="0.016"/>
  <system-out>
    <![CDATA[Start of Test ID (AR02)
Test ID (AR02) Passed 
Billing Period is correct which is: Jan 01, 2025 - Jan 15, 2025]]>
  </system-out>
  <testcase classname="AutomationTesting.BillingTestSuite16th" name="SOA01" time="10.170"/>
  <system-out>
    <![CDATA[Start of Test ID (SOA01)
Navigating to Statement of Account...
Start of Statement of Account Validation...
Test ID (SOA01) Passed 
Billing Period is correct which is: Jan 01, 2025 - Jan 15, 2025]]>
  </system-out>
  <testcase classname="AutomationTesting.BillingTestSuite16th" name="SOA02" time="0.017"/>
  <system-out>
    <![CDATA[Start of Test ID (SOA02)
Test ID (SOA02) Passed 
Billing Date is correct which is: Jan 16, 2025]]>
  </system-out>
  <testcase classname="AutomationTesting.BillingTestSuite16th" name="SOA3" time="0.016"/>
  <system-out>
    <![CDATA[Start of Test ID (SOA03)
Test ID (SOA03) Passed 
Total Claims is correct which is: 15]]>
  </system-out>
  <testcase classname="AutomationTesting.BillingTestSuite16th" name="SOA4" time="9.235"/>
  <system-out>
    <![CDATA[Start of Test ID (SOA04)
Successfully navigated to the report page.]]>
  </system-out>
  <testcase classname="AutomationTesting.BillingTestSuite16th" name="SOA5" time="0.017"/>
  <system-out>
    <![CDATA[Start of Test ID (SOA05)
Jan 01, 2025 - Jan 15, 2025
Test ID (SOA05) Passed 
Billing Period is valid which is: Jan 01, 2025 - Jan 15, 2025]]>
  </system-out>
  <testcase classname="AutomationTesting.BillingTestSuite16th" name="SOA6" time="0.036"/>
  <system-out>
    <![CDATA[Start of Test ID (SOA06)
Test ID (SOA06) Passed 
Total of Free trial claims: 0.0
Total Claims without free trial: 15.0
Total Claims that deducted free trial: 15]]>
  </system-out>
  <testcase classname="AutomationTesting.BillingTestSuite16th" name="SOA7" time="0.017"/>
  <system-out>
    <![CDATA[Start of Test ID (SOA07)
Test ID (SOA07) Passed 
Total Claims: 15.00
Service Fee: 10.00
Total Claims * Service Fee: ₱ 150.00]]>
  </system-out>
  <testcase classname="AutomationTesting.BillingTestSuite16th" name="SOA8" time="0.017"/>
  <system-out>
    <![CDATA[Start of Test ID (SOA08)
Test ID (SOA08) Passed 
Total Amount: 150.0
Total Amount / 1.12: ₱ 133.93]]>
  </system-out>
  <testcase classname="AutomationTesting.BillingTestSuite16th" name="SOA9" time="0.016"/>
  <system-out>
    <![CDATA[Start of Test ID (SOA09)
Test ID (SOA09) Passed 
Vatable Sales: 133.93
Vatable Sales * 0.12: ₱ 16.07]]>
  </system-out>
  <testcase classname="AutomationTesting.BillingTestSuite16th" name="SOA10" time="0.014"/>
  <system-out>
    <![CDATA[Start of Test ID (SOA10)
Test ID (SOA10) Passed 
Vatable Sales: ₱ 133.93
Value Added Tax: ₱ 16.07
Current Amount Due: ₱ 150.00]]>
  </system-out>
  <testcase classname="AutomationTesting.BillingTestSuite16th" name="SOA11" time="0.017"/>
  <system-out>
    <![CDATA[Start of Test ID (SOA11)
Test ID (SOA11) Passed 
Current Balance in Payment History ₱ 0.00
Total amount in Periodical History: (₱ 0.00)]]>
  </system-out>
  <testcase classname="AutomationTesting.BillingTestSuite16th" name="SOA12" time="0.018"/>
  <system-out>
    <![CDATA[Start of Test ID (SOA12)
Test ID (SOA12) Passed 
Total Amount Due: ₱ 2,100.00
Total Amount Due in SOA: ₱ 2,100.00]]>
  </system-out>
  <testcase classname="AutomationTesting.BillingTestSuite16th" name="SOA13" time="0.014"/>
  <system-out>
    <![CDATA[Start of Test ID (SOA13)
Test ID (SOA13) Passed 
Total Payment: (₱ 0.00)
Total Payment covered in generated billing: (₱ 0.00)]]>
  </system-out>
  <testcase classname="AutomationTesting.BillingTestSuite16th" name="SOA14" time="0.019"/>
  <system-out>
    <![CDATA[Start of Test ID (SOA14)
Test ID (SOA14) Passed 
Overdue: 2100.0
Current Amount Due: 150.0
Total Payment: (0.0)
TAD: ₱ 2,250.00]]>
  </system-out>
  <testcase classname="AutomationTesting.BillingTestSuite16th" name="SOA15" time="10.209"/>
  <system-out>
    <![CDATA[Start of Test ID (SOA15)
Test ID (SOA15) Passed 
Total Claims: 15
Billing Period: Jan 01, 2025 - Jan 15, 2025
Statement Date: Jan 16, 2025]]>
  </system-out>
</testsuite> <!-- AutomationTesting.BillingTestSuite16th -->
