<?xml version="1.0" encoding="UTF-8"?>
<!-- Generated by org.testng.reporters.JUnitReportReporter -->
<testsuite hostname="ENIC-LDUERO" failures="0" tests="18" name="AutomationTesting.BillingTestSuite16th" time="91.367" errors="0" timestamp="2025-01-13T16:58:07 GMT+08:00" skipped="0">
  <testcase classname="AutomationTesting.BillingTestSuite16th" name="LI01" time="1.453"/>
  <system-out>
    <![CDATA[Start of Login Validation...)
Start of Test ID (LI01)
Navigating to URL...
All Elements are loaded!
Test ID (LI01) Passed ]]>
  </system-out>
  <testcase classname="AutomationTesting.BillingTestSuite16th" name="LI02" time="1.364"/>
  <system-out>
    <![CDATA[Start of Test ID (LI02)
Inputting Valid Credential
Test ID (LI02) Passed 
End of Login Validation!]]>
  </system-out>
  <testcase classname="AutomationTesting.BillingTestSuite16th" name="BIL01" time="24.992"/>
  <system-out>
    <![CDATA[Start of Billing Module Validation...
Navigate to Billing Module...
Kebab Icon successfully clicked
Navigating to Hospital...
Start of Test ID (BIL01)
Test ID (BIL01) Passed 
Billing Period is Valid which is: Dec 16, 2024 - Dec 31, 2024]]>
  </system-out>
  <testcase classname="AutomationTesting.BillingTestSuite16th" name="BIL02" time="0.022"/>
  <system-out>
    <![CDATA[Start of Test ID (BIL02)
Test ID (BIL02) Passed 
Billing Date is Valid which is: Jan 01, 2025]]>
  </system-out>
  <testcase classname="AutomationTesting.BillingTestSuite16th" name="BIL03" time="0.069"/>
  <system-out>
    <![CDATA[Start of Test ID (BIL03)
Total Amount is: Php 1,250.00
Test ID (BIL03) Passed ]]>
  </system-out>
  <testcase classname="AutomationTesting.BillingTestSuite16th" name="BIL04" time="0.062"/>
  <system-out>
    <![CDATA[Start of Test ID (BIL04)
Test ID (BIL04) Passed 
Soa Date is Valid which is: Dec 31, 2024
End of Billing Module Validation]]>
  </system-out>
  <testcase classname="AutomationTesting.BillingTestSuite16th" name="COL01" time="20.548"/>
  <system-out>
    <![CDATA[Start of Test ID (COL01)
Start of Collection Module Validation...
Navigate to Collection Module...
'Unlock' button found. Clicking to unlock...
'Details' button found. Clicking to proceed...
Successfully clicked 'Details' button. Proceeding to the new tab...
Test ID (COL01) Passed 
Billing Period is Valid which is: Dec 16, 2024 - Dec 31, 2024
Total Claims is Valid which is: 125
Total Amount is Valid which is: PHP 1,250.00]]>
  </system-out>
  <testcase classname="AutomationTesting.BillingTestSuite16th" name="COL02" time="10.093"/>
  <system-out>
    <![CDATA[Start of Test ID (COL02)
Test ID (COL02) Passed 
Billing Period is Valid which is: DEC 16, 2024 - DEC 31, 2024]]>
  </system-out>
  <testcase classname="AutomationTesting.BillingTestSuite16th" name="COL03" time="3.074"/>
  <system-out>
    <![CDATA[Start of Test ID (COL03)
Test ID (COL03) Passed 
Current Balance is correct which is: Php 1,250.00
End of Collection Module Validation]]>
  </system-out>
  <testcase classname="AutomationTesting.BillingTestSuite16th" name="AR01" time="10.689"/>
  <system-out>
    <![CDATA[Start of Test ID (AR01)
Navigating to Account Receivable Module...
Start of Account Receivable Module Validation...
Test ID (AR01) Passed 
Statement Date is correct which is: Dec 31, 2024]]>
  </system-out>
  <testcase classname="AutomationTesting.BillingTestSuite16th" name="AR02" time="0.017"/>
  <system-out>
    <![CDATA[Start of Test ID (AR02)
Test ID (AR02) Passed 
Billing Period is correct which is: Dec 16, 2024 - Dec 31, 2024]]>
  </system-out>
  <testcase classname="AutomationTesting.BillingTestSuite16th" name="AR03" time="0.018"/>
  <system-out>
    <![CDATA[Start of Test ID (AR03)
Test ID (AR03) Passed 
Total Amount in Billing : Php 1,250.00
Total Amount in Account Receivable: Php 1,250.00
End of Account Receivable Validation Php 1,250.00]]>
  </system-out>
  <testcase classname="AutomationTesting.BillingTestSuite16th" name="SOA01" time="9.665"/>
  <system-out>
    <![CDATA[Start of Test ID (SOA01)
Navigating to Statement of Account...
Start of Statement of Account Validation...
Test ID (SOA01) Passed 
Billing Period is correct which is: Dec 16, 2024 - Dec 31, 2024]]>
  </system-out>
  <testcase classname="AutomationTesting.BillingTestSuite16th" name="SOA02" time="0.020"/>
  <system-out>
    <![CDATA[Start of Test ID (SOA02)
Test ID (SOA02) Passed 
Billing Date is correct which is: Jan 01, 2025]]>
  </system-out>
  <testcase classname="AutomationTesting.BillingTestSuite16th" name="SOA3" time="0.020"/>
  <system-out>
    <![CDATA[Start of Test ID (SOA03)
Test ID (SOA03) Passed 
Total Claims is correct which is: 125]]>
  </system-out>
  <testcase classname="AutomationTesting.BillingTestSuite16th" name="SOA4" time="9.219"/>
  <system-out>
    <![CDATA[Start of Test ID (SOA04)
Successfully navigated to the report page.]]>
  </system-out>
  <testcase classname="AutomationTesting.BillingTestSuite16th" name="SOA5" time="0.018"/>
  <system-out>
    <![CDATA[Start of Test ID (SOA05)
Dec 16, 2024 - Dec 31, 2024
Test ID (SOA05) Passed 
Billing Period is valid which is: Dec 16, 2024 - Dec 31, 2024]]>
  </system-out>
  <testcase classname="AutomationTesting.BillingTestSuite16th" name="SOA6" time="0.024"/>
  <system-out>
    <![CDATA[Start of Test ID (SOA06)]]>
  </system-out>
</testsuite> <!-- AutomationTesting.BillingTestSuite16th -->
