<?xml version="1.0" encoding="UTF-8"?>
<!-- Generated by org.testng.reporters.JUnitReportReporter -->
<testsuite hostname="ENIC-LDUERO" failures="0" tests="2" name="AutomationTesting.Login" time="2.197" errors="0" timestamp="2025-01-03T16:33:35 GMT+08:00" skipped="0">
  <testcase classname="AutomationTesting.Login" name="LoginValidCred" time="1.657"/>
  <system-out>
    <![CDATA[Inputting Valid Credential]]>
  </system-out>
  <testcase classname="AutomationTesting.Login" name="ValidationOfLogin" time="0.540"/>
  <system-out>
    <![CDATA[The credential is valid]]>
  </system-out>
</testsuite> <!-- AutomationTesting.Login -->
