<?xml version="1.0" encoding="UTF-8"?>
<!-- Generated by org.testng.reporters.JUnitReportReporter -->
<testsuite hostname="ENIC-LDUERO" failures="0" tests="24" name="AutomationTesting.BillingTestSuite16th" time="112.855" errors="2" timestamp="2025-01-15T16:22:21 GMT+08:00" skipped="0">
  <testcase classname="AutomationTesting.BillingTestSuite16th" name="LI01" time="1.462"/>
  <system-out>
    <![CDATA[Start of Login Validation...)
Start of Test ID (LI01)
Navigating to URL...
All Elements are loaded!
Test ID (LI01) Passed ]]>
  </system-out>
  <testcase classname="AutomationTesting.BillingTestSuite16th" name="LI02" time="1.565"/>
  <system-out>
    <![CDATA[Start of Test ID (LI02)
Inputting Valid Credential
Test ID (LI02) Passed 
End of Login Validation!]]>
  </system-out>
  <testcase classname="AutomationTesting.BillingTestSuite16th" name="BIL01" time="24.961"/>
  <system-out>
    <![CDATA[Start of Billing Module Validation...
Navigate to Billing Module...
Kebab Icon successfully clicked
Navigating to Hospital...
Start of Test ID (BIL01)
Test ID (BIL01) Passed 
Billing Period is Valid which is: Dec 16, 2024 - Dec 31, 2024]]>
  </system-out>
  <testcase classname="AutomationTesting.BillingTestSuite16th" name="BIL02" time="0.021"/>
  <system-out>
    <![CDATA[Start of Test ID (BIL02)
Test ID (BIL02) Passed 
Billing Date is Valid which is: Jan 01, 2025]]>
  </system-out>
  <testcase classname="AutomationTesting.BillingTestSuite16th" name="BIL03" time="0.071"/>
  <system-out>
    <![CDATA[Start of Test ID (BIL03)
Total Amount is: Php 1,250.00
Test ID (BIL03) Passed ]]>
  </system-out>
  <testcase classname="AutomationTesting.BillingTestSuite16th" name="BIL04" time="0.054"/>
  <system-out>
    <![CDATA[Start of Test ID (BIL04)
Test ID (BIL04) Passed 
Soa Date is Valid which is: Dec 31, 2024
End of Billing Module Validation]]>
  </system-out>
  <testcase classname="AutomationTesting.BillingTestSuite16th" name="COL01" time="42.736"/>
  <system-out>
    <![CDATA[Start of Test ID (COL01)
Start of Collection Module Validation...
Navigate to Collection Module...
'Unlock' button found. Clicking to unlock...
'Details' button found. Clicking to proceed...
Successfully clicked 'Details' button. Proceeding to the new tab...
Test ID (COL01) Passed 
Billing Period is Valid which is: Dec 16, 2024 - Dec 31, 2024
Total Claims is Valid which is: 125
Total Amount is Valid which is: PHP 1,250.00]]>
  </system-out>
  <testcase classname="AutomationTesting.BillingTestSuite16th" name="COL02" time="10.114"/>
  <system-out>
    <![CDATA[Start of Test ID (COL02)
Test ID (COL02) Passed 
Billing Period is Valid which is: DEC 16, 2024 - DEC 31, 2024]]>
  </system-out>
  <testcase classname="AutomationTesting.BillingTestSuite16th" name="COL03" time="3.071"/>
  <system-out>
    <![CDATA[Start of Test ID (COL03)
Test ID (COL03) Passed 
Current Balance is correct which is: Php 1,250.00
End of Collection Module Validation]]>
  </system-out>
  <testcase classname="AutomationTesting.BillingTestSuite16th" name="AR01" time="9.732"/>
  <system-out>
    <![CDATA[Start of Test ID (AR01)
Navigating to Account Receivable Module...
Start of Account Receivable Module Validation...
Test ID (AR01) Passed 
Statement Date is correct which is: Dec 31, 2024]]>
  </system-out>
  <testcase classname="AutomationTesting.BillingTestSuite16th" name="AR02" time="0.019"/>
  <system-out>
    <![CDATA[Start of Test ID (AR02)
Test ID (AR02) Passed 
Billing Period is correct which is: Dec 16, 2024 - Dec 31, 2024]]>
  </system-out>
  <testcase classname="AutomationTesting.BillingTestSuite16th" name="AR03" time="0.016"/>
  <system-out>
    <![CDATA[Start of Test ID (AR03)
Test ID (AR03) Passed 
Total Amount in Billing : Php 1,250.00
Total Amount in Account Receivable: Php 1,250.00
End of Account Receivable Validation Php 1,250.00]]>
  </system-out>
  <testcase classname="AutomationTesting.BillingTestSuite16th" name="SOA01" time="9.631">
    <error message="no such element: Unable to locate element: {&quot;method&quot;:&quot;xpath&quot;,&quot;selector&quot;:&quot;//td[@data-field=&#039;TotalAmountDue&#039;][2]&quot;}
  (Session info: chrome=131.0.6778.265)
For documentation on this error, please visit: https://www.selenium.dev/documentation/webdriver/troubleshooting/errors#no-such-element-exception
Build info: version: &#039;4.27.0&#039;, revision: &#039;d6e718d&#039;
System info: os.name: &#039;Windows 10&#039;, os.arch: &#039;amd64&#039;, os.version: &#039;10.0&#039;, java.version: &#039;23.0.1&#039;
Driver info: org.openqa.selenium.chrome.ChromeDriver
Command: [0dc957aa945100a776d5cbaf29cd59bb, findElement {using=xpath, value=//td[@data-field=&#039;TotalAmountDue&#039;][2]}]
Capabilities {acceptInsecureCerts: false, browserName: chrome, browserVersion: 131.0.6778.265, chrome: {chromedriverVersion: 131.0.6778.264 (2d05e315153..., userDataDir: C:\Users\pfeniza\AppData\Lo...}, fedcm:accounts: true, goog:chromeOptions: {debuggerAddress: localhost:50418}, networkConnectionEnabled: false, pageLoadStrategy: normal, platformName: windows, proxy: Proxy(), se:cdp: ws://localhost:50418/devtoo..., se:cdpVersion: 131.0.6778.265, setWindowRect: true, strictFileInteractability: false, timeouts: {implicit: 0, pageLoad: 300000, script: 30000}, unhandledPromptBehavior: dismiss and notify, webauthn:extension:credBlob: true, webauthn:extension:largeBlob: true, webauthn:extension:minPinLength: true, webauthn:extension:prf: true, webauthn:virtualAuthenticators: true}
Session ID: 0dc957aa945100a776d5cbaf29cd59bb" type="org.openqa.selenium.NoSuchElementException">
      <![CDATA[org.openqa.selenium.NoSuchElementException: no such element: Unable to locate element: {"method":"xpath","selector":"//td[@data-field='TotalAmountDue'][2]"}
  (Session info: chrome=131.0.6778.265)
For documentation on this error, please visit: https://www.selenium.dev/documentation/webdriver/troubleshooting/errors#no-such-element-exception
Build info: version: '4.27.0', revision: 'd6e718d'
System info: os.name: 'Windows 10', os.arch: 'amd64', os.version: '10.0', java.version: '23.0.1'
Driver info: org.openqa.selenium.chrome.ChromeDriver
Command: [0dc957aa945100a776d5cbaf29cd59bb, findElement {using=xpath, value=//td[@data-field='TotalAmountDue'][2]}]
Capabilities {acceptInsecureCerts: false, browserName: chrome, browserVersion: 131.0.6778.265, chrome: {chromedriverVersion: 131.0.6778.264 (2d05e315153..., userDataDir: C:\Users\pfeniza\AppData\Lo...}, fedcm:accounts: true, goog:chromeOptions: {debuggerAddress: localhost:50418}, networkConnectionEnabled: false, pageLoadStrategy: normal, platformName: windows, proxy: Proxy(), se:cdp: ws://localhost:50418/devtoo..., se:cdpVersion: 131.0.6778.265, setWindowRect: true, strictFileInteractability: false, timeouts: {implicit: 0, pageLoad: 300000, script: 30000}, unhandledPromptBehavior: dismiss and notify, webauthn:extension:credBlob: true, webauthn:extension:largeBlob: true, webauthn:extension:minPinLength: true, webauthn:extension:prf: true, webauthn:virtualAuthenticators: true}
Session ID: 0dc957aa945100a776d5cbaf29cd59bb
at java.base/jdk.internal.reflect.DirectConstructorHandleAccessor.newInstance(DirectConstructorHandleAccessor.java:62)
at java.base/java.lang.reflect.Constructor.newInstanceWithCaller(Constructor.java:501)
at java.base/java.lang.reflect.Constructor.newInstance(Constructor.java:485)
at org.openqa.selenium.remote.ErrorCodec.decode(ErrorCodec.java:167)
at org.openqa.selenium.remote.codec.w3c.W3CHttpResponseCodec.decode(W3CHttpResponseCodec.java:138)
at org.openqa.selenium.remote.codec.w3c.W3CHttpResponseCodec.decode(W3CHttpResponseCodec.java:50)
at org.openqa.selenium.remote.HttpCommandExecutor.execute(HttpCommandExecutor.java:190)
at org.openqa.selenium.remote.service.DriverCommandExecutor.invokeExecute(DriverCommandExecutor.java:216)
at org.openqa.selenium.remote.service.DriverCommandExecutor.execute(DriverCommandExecutor.java:174)
at org.openqa.selenium.remote.RemoteWebDriver.execute(RemoteWebDriver.java:545)
at org.openqa.selenium.remote.ElementLocation$ElementFinder$2.findElement(ElementLocation.java:165)
at org.openqa.selenium.remote.ElementLocation.findElement(ElementLocation.java:59)
at org.openqa.selenium.remote.RemoteWebDriver.findElement(RemoteWebDriver.java:368)
at org.openqa.selenium.remote.RemoteWebDriver.findElement(RemoteWebDriver.java:362)
at AutomationTesting.BillingTestSuite16th.SOA01(BillingTestSuite16th.java:705)
at java.base/jdk.internal.reflect.DirectMethodHandleAccessor.invoke(DirectMethodHandleAccessor.java:103)
at java.base/java.lang.reflect.Method.invoke(Method.java:580)
at org.testng.internal.MethodInvocationHelper.invokeMethod(MethodInvocationHelper.java:133)
at org.testng.internal.TestInvoker.invokeMethod(TestInvoker.java:598)
at org.testng.internal.TestInvoker.invokeTestMethod(TestInvoker.java:173)
at org.testng.internal.MethodRunner.runInSequence(MethodRunner.java:46)
at org.testng.internal.TestInvoker$MethodInvocationAgent.invoke(TestInvoker.java:824)
at org.testng.internal.TestInvoker.invokeTestMethods(TestInvoker.java:146)
at org.testng.internal.TestMethodWorker.invokeTestMethods(TestMethodWorker.java:146)
at org.testng.internal.TestMethodWorker.run(TestMethodWorker.java:128)
at java.base/java.util.ArrayList.forEach(ArrayList.java:1597)
at org.testng.TestRunner.privateRun(TestRunner.java:794)
at org.testng.TestRunner.run(TestRunner.java:596)
at org.testng.SuiteRunner.runTest(SuiteRunner.java:377)
at org.testng.SuiteRunner.runSequentially(SuiteRunner.java:371)
at org.testng.SuiteRunner.privateRun(SuiteRunner.java:332)
at org.testng.SuiteRunner.run(SuiteRunner.java:276)
at org.testng.SuiteRunnerWorker.runSuite(SuiteRunnerWorker.java:53)
at org.testng.SuiteRunnerWorker.run(SuiteRunnerWorker.java:96)
at org.testng.TestNG.runSuitesSequentially(TestNG.java:1212)
at org.testng.TestNG.runSuitesLocally(TestNG.java:1134)
at org.testng.TestNG.runSuites(TestNG.java:1063)
at org.testng.TestNG.run(TestNG.java:1031)
at org.testng.remote.AbstractRemoteTestNG.run(AbstractRemoteTestNG.java:115)
at org.testng.remote.RemoteTestNG.initAndRun(RemoteTestNG.java:293)
at org.testng.remote.RemoteTestNG.main(RemoteTestNG.java:91)
]]>
    </error>
  </testcase> <!-- SOA01 -->
  <system-out>
    <![CDATA[Start of Test ID (SOA01)
Navigating to Statement of Account...
Start of Statement of Account Validation...]]>
  </system-out>
  <testcase classname="AutomationTesting.BillingTestSuite16th" name="SOA02" time="0.018"/>
  <system-out>
    <![CDATA[Start of Test ID (SOA02)
Test ID (SOA02) Passed 
Billing Date is correct which is: Jan 01, 2025]]>
  </system-out>
  <testcase classname="AutomationTesting.BillingTestSuite16th" name="SOA3" time="0.017"/>
  <system-out>
    <![CDATA[Start of Test ID (SOA03)
Test ID (SOA03) Passed 
Total Claims is correct which is: 125]]>
  </system-out>
  <testcase classname="AutomationTesting.BillingTestSuite16th" name="SOA4" time="9.223"/>
  <system-out>
    <![CDATA[Start of Test ID (SOA04)
Successfully navigated to the report page.]]>
  </system-out>
  <testcase classname="AutomationTesting.BillingTestSuite16th" name="SOA5" time="0.019"/>
  <system-out>
    <![CDATA[Start of Test ID (SOA05)
Dec 16, 2024 - Dec 31, 2024
Test ID (SOA05) Passed 
Billing Period is valid which is: Dec 16, 2024 - Dec 31, 2024]]>
  </system-out>
  <testcase classname="AutomationTesting.BillingTestSuite16th" name="SOA6" time="0.034"/>
  <system-out>
    <![CDATA[Start of Test ID (SOA06)
Test ID (SOA06) Passed 
Total of Free trial claims: 0.0
Total Claims without free trial: 125.0
Total Claims that deducted free trial: 125]]>
  </system-out>
  <testcase classname="AutomationTesting.BillingTestSuite16th" name="SOA7" time="0.018"/>
  <system-out>
    <![CDATA[Start of Test ID (SOA07)
Test ID (SOA07) Passed 
Total Claims: 125.00
Service Fee: 10.00
Total Claims * Service Fee: ₱ 1,250.00]]>
  </system-out>
  <testcase classname="AutomationTesting.BillingTestSuite16th" name="SOA8" time="0.019"/>
  <system-out>
    <![CDATA[Start of Test ID (SOA08)
Test ID (SOA08) Passed 
Total Amount: 1250.0
Total Amount / 1.12: ₱ 1,116.07]]>
  </system-out>
  <testcase classname="AutomationTesting.BillingTestSuite16th" name="SOA9" time="0.017"/>
  <system-out>
    <![CDATA[Start of Test ID (SOA09)
Test ID (SOA09) Passed 
Vatable Sales: 1116.07
Vatable Sales * 0.12: ₱ 133.93]]>
  </system-out>
  <testcase classname="AutomationTesting.BillingTestSuite16th" name="SOA10" time="0.016"/>
  <system-out>
    <![CDATA[Start of Test ID (SOA10)
Test ID (SOA10) Passed 
Vatable Sales: ₱ 1,116.07
Value Added Tax: ₱ 133.93
Current Amount Due: ₱ 1,250.00]]>
  </system-out>
  <testcase classname="AutomationTesting.BillingTestSuite16th" name="SOA11" time="0.020"/>
  <system-out>
    <![CDATA[Start of Test ID (SOA11)
Test ID (SOA11) Passed ]]>
  </system-out>
  <testcase classname="AutomationTesting.BillingTestSuite16th" name="SOA12" time="0.001">
    <error message="Cannot invoke &quot;String.replace(java.lang.CharSequence, java.lang.CharSequence)&quot; because &quot;this.amountDue&quot; is null" type="java.lang.NullPointerException">
      <![CDATA[java.lang.NullPointerException: Cannot invoke "String.replace(java.lang.CharSequence, java.lang.CharSequence)" because "this.amountDue" is null
at AutomationTesting.BillingTestSuite16th.SOA12(BillingTestSuite16th.java:1024)
at java.base/jdk.internal.reflect.DirectMethodHandleAccessor.invoke(DirectMethodHandleAccessor.java:103)
at java.base/java.lang.reflect.Method.invoke(Method.java:580)
at org.testng.internal.MethodInvocationHelper.invokeMethod(MethodInvocationHelper.java:133)
at org.testng.internal.TestInvoker.invokeMethod(TestInvoker.java:598)
at org.testng.internal.TestInvoker.invokeTestMethod(TestInvoker.java:173)
at org.testng.internal.MethodRunner.runInSequence(MethodRunner.java:46)
at org.testng.internal.TestInvoker$MethodInvocationAgent.invoke(TestInvoker.java:824)
at org.testng.internal.TestInvoker.invokeTestMethods(TestInvoker.java:146)
at org.testng.internal.TestMethodWorker.invokeTestMethods(TestMethodWorker.java:146)
at org.testng.internal.TestMethodWorker.run(TestMethodWorker.java:128)
at java.base/java.util.ArrayList.forEach(ArrayList.java:1597)
at org.testng.TestRunner.privateRun(TestRunner.java:794)
at org.testng.TestRunner.run(TestRunner.java:596)
at org.testng.SuiteRunner.runTest(SuiteRunner.java:377)
at org.testng.SuiteRunner.runSequentially(SuiteRunner.java:371)
at org.testng.SuiteRunner.privateRun(SuiteRunner.java:332)
at org.testng.SuiteRunner.run(SuiteRunner.java:276)
at org.testng.SuiteRunnerWorker.runSuite(SuiteRunnerWorker.java:53)
at org.testng.SuiteRunnerWorker.run(SuiteRunnerWorker.java:96)
at org.testng.TestNG.runSuitesSequentially(TestNG.java:1212)
at org.testng.TestNG.runSuitesLocally(TestNG.java:1134)
at org.testng.TestNG.runSuites(TestNG.java:1063)
at org.testng.TestNG.run(TestNG.java:1031)
at org.testng.remote.AbstractRemoteTestNG.run(AbstractRemoteTestNG.java:115)
at org.testng.remote.RemoteTestNG.initAndRun(RemoteTestNG.java:293)
at org.testng.remote.RemoteTestNG.main(RemoteTestNG.java:91)
]]>
    </error>
  </testcase> <!-- SOA12 -->
  <system-out>
    <![CDATA[Start of Test ID (SOA12)]]>
  </system-out>
</testsuite> <!-- AutomationTesting.BillingTestSuite16th -->
