<?xml version="1.0" encoding="UTF-8"?>
<!-- Generated by org.testng.reporters.JUnitReportReporter -->
<testsuite hostname="ENIC-LDUERO" failures="0" tests="10" name="AutomationTesting.BillingTestSuite16th" time="50.855" errors="0" timestamp="2025-01-09T16:41:37 GMT+08:00" skipped="0">
  <testcase classname="AutomationTesting.BillingTestSuite16th" name="LI01" time="1.027"/>
  <system-out>
    <![CDATA[Start of Login Validation...)
Start of Test ID (LI01)
Navigating to URL...
All Elements are loaded!
Test ID (LI01) Passed ]]>
  </system-out>
  <testcase classname="AutomationTesting.BillingTestSuite16th" name="LI02" time="1.456"/>
  <system-out>
    <![CDATA[Start of Test ID (LI02)
Inputting Valid Credential
Test ID (LI02) Passed 
End of Login Validation!]]>
  </system-out>
  <testcase classname="AutomationTesting.BillingTestSuite16th" name="BIL01" time="20.909"/>
  <system-out>
    <![CDATA[Start of Billing Module Validation...
Navigate to Billing Module...
Kebab Icon successfully clicked
Navigating to Hospital...
Start of Test ID (BIL01)
Test ID (BIL01) Passed 
Billing Period is Valid which is: Dec 16, 2024 - Dec 31, 2024]]>
  </system-out>
  <testcase classname="AutomationTesting.BillingTestSuite16th" name="BIL02" time="0.020"/>
  <system-out>
    <![CDATA[Start of Test ID (BIL02)
Test ID (BIL02) Passed 
Billing Date is Valid which is: Jan 01, 2025]]>
  </system-out>
  <testcase classname="AutomationTesting.BillingTestSuite16th" name="BIL03" time="0.054"/>
  <system-out>
    <![CDATA[Start of Test ID (BIL03)
Total Amouns is: Php 1,250.00
Test ID (BIL03) Passed ]]>
  </system-out>
  <testcase classname="AutomationTesting.BillingTestSuite16th" name="BIL04" time="0.035"/>
  <system-out>
    <![CDATA[Start of Test ID (BIL04)
Test ID (BIL04) Passed 
Soa Date is Valid which is: Dec 31, 2024
End of Billing Module]]>
  </system-out>
  <testcase classname="AutomationTesting.BillingTestSuite16th" name="COL01" time="14.762"/>
  <system-out>
    <![CDATA[Start of Test ID (COL01)
Start of Collection Module Validation...
Navigate to Collection Module...
Test ID (COL01) Passed 
Billing Period is Valid which is: Dec 16, 2024 - Dec 31, 2024
Total Claims is Valid which is: 125
Total Amount is Valid which is: PHP 1,250.00]]>
  </system-out>
  <testcase classname="AutomationTesting.BillingTestSuite16th" name="COL02" time="7.091"/>
  <system-out>
    <![CDATA[Start of Test ID (COL02)
Test ID (COL02) Passed 
Billing Period is Valid which is: DEC 16, 2024 - DEC 31, 2024]]>
  </system-out>
  <testcase classname="AutomationTesting.BillingTestSuite16th" name="COL03" time="2.098"/>
  <system-out>
    <![CDATA[Start of Test ID (COL03)
Test ID (COL03) Passed 
Current Balance is correct which is: Php 1,250.00
End of Collection Module]]>
  </system-out>
  <testcase classname="AutomationTesting.BillingTestSuite16th" name="AR01" time="3.403"/>
  <system-out>
    <![CDATA[Start of Test ID (AR01)
Start of Account Receivable Module Validation...]]>
  </system-out>
</testsuite> <!-- AutomationTesting.BillingTestSuite16th -->
