<?xml version="1.0" encoding="UTF-8"?>
<!-- Generated by org.testng.reporters.JUnitReportReporter -->
<testsuite hostname="ENIC-LDUERO" failures="0" tests="3" name="com.steps.ddtTestingLogin" time="7.625" errors="0" timestamp="2024-12-26T15:42:39 GMT+08:00" skipped="0">
  <testcase classname="com.steps.ddtTestingLogin" name="i_verify_the_login_results" time="1.751">
    <system-out>
      <![CDATA[Verifying Login Results
Logged in with Username: patche@admin
Successfully proceed to Connect Page
Verifying Login Results
Logged in with Username: patche@admin1
Successfully proceed to Connect Page]]>
    </system-out>
  </testcase> <!-- i_verify_the_login_results -->
  <testcase classname="com.steps.ddtTestingLogin" name="i_test_multiple_login_credentials" time="3.695">
    <system-out>
      <![CDATA[Entering Valid Credentials
Logged in with Username: patche@admin
Entering Valid Credentials
Logged in with Username: patche@admin1]]>
    </system-out>
  </testcase> <!-- i_test_multiple_login_credentials -->
  <testcase classname="com.steps.ddtTestingLogin" name="i_navigate_to_the_login_page" time="2.179">
    <system-out>
      <![CDATA[Navigate to URL]]>
    </system-out>
  </testcase> <!-- i_navigate_to_the_login_page -->
  <system-out>
    <![CDATA[Navigate to URL
Entering Valid Credentials
Logged in with Username: patche@admin
Entering Valid Credentials
Logged in with Username: patche@admin1
Verifying Login Results
Logged in with Username: patche@admin
Successfully proceed to Connect Page
Verifying Login Results
Logged in with Username: patche@admin1
Successfully proceed to Connect Page]]>
  </system-out>
</testsuite> <!-- com.steps.ddtTestingLogin -->
