<?xml version="1.0" encoding="UTF-8"?>
<!-- Generated by org.testng.reporters.JUnitReportReporter -->
<testsuite hostname="ENIC-LDUERO" failures="0" tests="1" name="com.runner.TestNgRunner" time="6.245" errors="0" timestamp="2024-12-27T14:31:18 GMT+08:00" skipped="0">
  <testcase classname="com.runner.TestNgRunner" name="runScenario" time="6.245">
    <system-out>
      <![CDATA[Navigating to URL
Uploading File
File Successfully uploaded!]]>
    </system-out>
  </testcase> <!-- runScenario -->
  <system-out>
    <![CDATA[Navigating to URL
Uploading File
File Successfully uploaded!]]>
  </system-out>
</testsuite> <!-- com.runner.TestNgRunner -->
