<?xml version="1.0" encoding="UTF-8"?>
<!-- Generated by org.testng.reporters.JUnitReportReporter -->
<testsuite hostname="ENIC-LDUERO" failures="0" tests="1" name="com.runner.TestNgRunner" time="3.164" errors="0" timestamp="2024-12-23T10:36:59 GMT+08:00" skipped="0">
  <testcase classname="com.runner.TestNgRunner" name="runScenario" time="3.164">
    <system-out>
      <![CDATA[Proceed to Login Page
Entering valid credential
Click login button
Proceeding to Connect Page
Closing the browser]]>
    </system-out>
  </testcase> <!-- runScenario -->
  <system-out>
    <![CDATA[Proceed to Login Page
Entering valid credential
Click login button
Proceeding to Connect Page
Closing the browser]]>
  </system-out>
</testsuite> <!-- com.runner.TestNgRunner -->
