<?xml version="1.0" encoding="UTF-8"?>
<!-- Generated by org.testng.reporters.JUnitReportReporter -->
<testsuite hostname="ENIC-LDUERO" failures="0" tests="2" name="com.runner.TestNgRunner" time="19.937" errors="0" timestamp="2024-12-20T14:35:37 GMT+08:00" skipped="0">
  <testcase classname="com.runner.TestNgRunner" name="runScenario" time="3.226">
    <system-out>
      <![CDATA[Proceed to URL
Inputting Valid Credential
Click Submit Button]]>
    </system-out>
  </testcase> <!-- runScenario -->
  <testcase classname="com.runner.TestNgRunner" name="runScenario" time="16.711">
    <system-out>
      <![CDATA[Proceed to Login Page
Entering valid credential
Click login button
Proceeding to Connect Page
Closing the browser]]>
    </system-out>
  </testcase> <!-- runScenario -->
  <system-out>
    <![CDATA[Proceed to Login Page
Entering valid credential
Click login button
Proceeding to Connect Page
Closing the browser
Proceed to URL
Inputting Valid Credential
Click Submit Button]]>
  </system-out>
</testsuite> <!-- com.runner.TestNgRunner -->
