<?xml version="1.0" encoding="UTF-8"?>
<!-- Generated by org.testng.reporters.JUnitReportReporter -->
<testsuite hostname="ENIC-LDUERO" failures="0" tests="1" name="com.runner.TestNgRunner" time="9.058" errors="0" timestamp="2024-12-26T15:43:52 GMT+08:00" skipped="0">
  <testcase classname="com.runner.TestNgRunner" name="runScenario" time="9.058">
    <system-out>
      <![CDATA[Navigate to URL
Entering Valid Credentials
Logged in with Username: patche@admin
Entering Valid Credentials
Logged in with Username: patche@admin1
Verifying Login Results
Logged in with Username: patche@admin
Successfully proceed to Connect Page
Verifying Login Results
Logged in with Username: patche@admin1
Successfully proceed to Connect Page]]>
    </system-out>
  </testcase> <!-- runScenario -->
  <system-out>
    <![CDATA[Navigate to URL
Entering Valid Credentials
Logged in with Username: patche@admin
Entering Valid Credentials
Logged in with Username: patche@admin1
Verifying Login Results
Logged in with Username: patche@admin
Successfully proceed to Connect Page
Verifying Login Results
Logged in with Username: patche@admin1
Successfully proceed to Connect Page]]>
  </system-out>
</testsuite> <!-- com.runner.TestNgRunner -->
