<?xml version="1.0" encoding="UTF-8"?>
<!-- Generated by org.testng.reporters.JUnitReportReporter -->
<testsuite hostname="ENIC-LDUERO" failures="0" tests="3" name="UnitTesting.LoginHospitalUser" time="5.771" errors="0" timestamp="2024-12-19T14:07:25 GMT+08:00" skipped="0">
  <testcase classname="UnitTesting.LoginHospitalUser" name="Url" time="2.626"/>
  <system-out>
    <![CDATA[Starting the test and opening the browser...
Browser opened and navigated to URL: http://172.30.1.26/Published_eSOA4]]>
  </system-out>
  <testcase classname="UnitTesting.LoginHospitalUser" name="LogIn" time="2.651"/>
  <system-out>
    <![CDATA[Logging in with username: patche@admin
Login submitted]]>
  </system-out>
  <testcase classname="UnitTesting.LoginHospitalUser" name="CreateHopistal" time="0.494"/>
  <system-out>
    <![CDATA[Navigate to Control Panel]]>
  </system-out>
</testsuite> <!-- UnitTesting.LoginHospitalUser -->
