<?xml version="1.0" encoding="UTF-8"?>
<!-- Generated by org.testng.reporters.JUnitReportReporter -->
<testsuite hostname="ENIC-LDUERO" failures="0" tests="1" name="SmokeTesting.ATagsTest" time="18.468" errors="0" timestamp="2024-12-10T12:28:04 GMT+08:00" skipped="0">
  <testcase classname="SmokeTesting.ATagsTest" name="loginElementPresentTest" time="18.468"/>
  <system-out/>
</testsuite> <!-- SmokeTesting.ATagsTest -->
